# JRE version: Java(TM) SE Runtime Environment (8.0_92-b14) (build 1.8.0_92-b14)
# Java VM: Java HotSpot(TM) 64-Bit Server VM (25.92-b14 mixed mode bsd-amd64 compressed oops)
Heap:
 PSYoungGen      total 644608K, used 129822K [0x000000076ab00000, 0x00000007a0100000, 0x00000007c0000000)
  eden space 511488K, 9% used [0x000000076ab00000,0x000000076dae7940,0x0000000789e80000)
  from space 133120K, 60% used [0x0000000789e80000,0x000000078ed5ff98,0x0000000792080000)
  to   space 136704K, 0% used [0x0000000797b80000,0x0000000797b80000,0x00000007a0100000)
 ParOldGen       total 478720K, used 359448K [0x00000006c0000000, 0x00000006dd380000, 0x000000076ab00000)
  object space 478720K, 75% used [0x00000006c0000000,0x00000006d5f06020,0x00000006dd380000)
 Metaspace       used 6996K, capacity 7608K, committed 7936K, reserved 1056768K
  class space    used 639K, capacity 688K, committed 768K, reserved 1048576K
GC Heap History (10 events):
Event: 18.326 GC heap before
{Heap before GC invocations=14 (full 2):
 PSYoungGen      total 524800K, used 73718K [0x000000076ab00000, 0x0000000794680000, 0x00000007c0000000)
  eden space 451072K, 0% used [0x000000076ab00000,0x000000076ab00000,0x0000000786380000)
  from space 73728K, 99% used [0x000000078c580000,0x0000000790d7d880,0x0000000790d80000)
  to   space 100352K, 0% used [0x0000000786380000,0x0000000786380000,0x000000078c580000)
 ParOldGen       total 164352K, used 161640K [0x00000006c0000000, 0x00000006ca080000, 0x000000076ab00000)
  object space 164352K, 98% used [0x00000006c0000000,0x00000006c9dda1b0,0x00000006ca080000)
 Metaspace       used 6624K, capacity 7320K, committed 7680K, reserved 1056768K
  class space    used 619K, capacity 656K, committed 768K, reserved 1048576K
Event: 20.832 GC heap after
Heap after GC invocations=14 (full 2):
 PSYoungGen      total 524800K, used 69400K [0x000000076ab00000, 0x0000000794680000, 0x00000007c0000000)
  eden space 451072K, 0% used [0x000000076ab00000,0x000000076ab00000,0x0000000786380000)
  from space 73728K, 94% used [0x000000078c580000,0x0000000790946090,0x0000000790d80000)
  to   space 100352K, 0% used [0x0000000786380000,0x0000000786380000,0x000000078c580000)
 ParOldGen       total 294400K, used 164106K [0x00000006c0000000, 0x00000006d1f80000, 0x000000076ab00000)
  object space 294400K, 55% used [0x00000006c0000000,0x00000006ca042b70,0x00000006d1f80000)
 Metaspace       used 6624K, capacity 7320K, committed 7680K, reserved 1056768K
  class space    used 619K, capacity 656K, committed 768K, reserved 1048576K
}
Event: 23.887 GC heap before
{Heap before GC invocations=15 (full 2):
 PSYoungGen      total 524800K, used 520472K [0x000000076ab00000, 0x0000000794680000, 0x00000007c0000000)
  eden space 451072K, 100% used [0x000000076ab00000,0x0000000786380000,0x0000000786380000)
  from space 73728K, 94% used [0x000000078c580000,0x0000000790946090,0x0000000790d80000)
  to   space 100352K, 0% used [0x0000000786380000,0x0000000786380000,0x000000078c580000)
 ParOldGen       total 294400K, used 164106K [0x00000006c0000000, 0x00000006d1f80000, 0x000000076ab00000)
  object space 294400K, 55% used [0x00000006c0000000,0x00000006ca042b70,0x00000006d1f80000)
 Metaspace       used 6632K, capacity 7320K, committed 7680K, reserved 1056768K
  class space    used 620K, capacity 656K, committed 768K, reserved 1048576K
Event: 24.535 GC heap after
Heap after GC invocations=15 (full 2):
 PSYoungGen      total 551424K, used 68617K [0x000000076ab00000, 0x0000000798800000, 0x00000007c0000000)
  eden space 451072K, 0% used [0x000000076ab00000,0x000000076ab00000,0x0000000786380000)
  from space 100352K, 68% used [0x0000000786380000,0x000000078a682550,0x000000078c580000)
  to   space 105984K, 0% used [0x0000000792080000,0x0000000792080000,0x0000000798800000)
 ParOldGen       total 294400K, used 233979K [0x00000006c0000000, 0x00000006d1f80000, 0x000000076ab00000)
  object space 294400K, 79% used [0x00000006c0000000,0x00000006ce47ec38,0x00000006d1f80000)
 Metaspace       used 6632K, capacity 7320K, committed 7680K, reserved 1056768K
  class space    used 620K, capacity 656K, committed 768K, reserved 1048576K
}
Event: 27.911 GC heap before
{Heap before GC invocations=16 (full 2):
 PSYoungGen      total 551424K, used 519689K [0x000000076ab00000, 0x0000000798800000, 0x00000007c0000000)
  eden space 451072K, 100% used [0x000000076ab00000,0x0000000786380000,0x0000000786380000)
  from space 100352K, 68% used [0x0000000786380000,0x000000078a682550,0x000000078c580000)
  to   space 105984K, 0% used [0x0000000792080000,0x0000000792080000,0x0000000798800000)
 ParOldGen       total 294400K, used 233979K [0x00000006c0000000, 0x00000006d1f80000, 0x000000076ab00000)
  object space 294400K, 79% used [0x00000006c0000000,0x00000006ce47ec38,0x00000006d1f80000)
 Metaspace       used 6635K, capacity 7320K, committed 7680K, reserved 1056768K
  class space    used 620K, capacity 656K, committed 768K, reserved 1048576K
Event: 28.651 GC heap after
Heap after GC invocations=16 (full 2):
 PSYoungGen      total 617472K, used 105961K [0x000000076ab00000, 0x000000079c480000, 0x00000007c0000000)
  eden space 511488K, 0% used [0x000000076ab00000,0x000000076ab00000,0x0000000789e80000)
  from space 105984K, 99% used [0x0000000792080000,0x00000007987fa408,0x0000000798800000)
  to   space 133120K, 0% used [0x0000000789e80000,0x0000000789e80000,0x0000000792080000)
 ParOldGen       total 294400K, used 258458K [0x00000006c0000000, 0x00000006d1f80000, 0x000000076ab00000)
  object space 294400K, 87% used [0x00000006c0000000,0x00000006cfc66a10,0x00000006d1f80000)
 Metaspace       used 6635K, capacity 7320K, committed 7680K, reserved 1056768K
  class space    used 620K, capacity 656K, committed 768K, reserved 1048576K
}
Event: 28.651 GC heap before
{Heap before GC invocations=17 (full 3):
 PSYoungGen      total 617472K, used 105961K [0x000000076ab00000, 0x000000079c480000, 0x00000007c0000000)
  eden space 511488K, 0% used [0x000000076ab00000,0x000000076ab00000,0x0000000789e80000)
  from space 105984K, 99% used [0x0000000792080000,0x00000007987fa408,0x0000000798800000)
  to   space 133120K, 0% used [0x0000000789e80000,0x0000000789e80000,0x0000000792080000)
 ParOldGen       total 294400K, used 258458K [0x00000006c0000000, 0x00000006d1f80000, 0x000000076ab00000)
  object space 294400K, 87% used [0x00000006c0000000,0x00000006cfc66a10,0x00000006d1f80000)
 Metaspace       used 6635K, capacity 7320K, committed 7680K, reserved 1056768K
  class space    used 620K, capacity 656K, committed 768K, reserved 1048576K
Event: 33.601 GC heap after
Heap after GC invocations=17 (full 3):
 PSYoungGen      total 617472K, used 65786K [0x000000076ab00000, 0x000000079c480000, 0x00000007c0000000)
  eden space 511488K, 0% used [0x000000076ab00000,0x000000076ab00000,0x0000000789e80000)
  from space 105984K, 62% used [0x0000000792080000,0x00000007960bebb0,0x0000000798800000)
  to   space 133120K, 0% used [0x0000000789e80000,0x0000000789e80000,0x0000000792080000)
 ParOldGen       total 478720K, used 294060K [0x00000006c0000000, 0x00000006dd380000, 0x000000076ab00000)
  object space 478720K, 61% used [0x00000006c0000000,0x00000006d1f2b110,0x00000006dd380000)
 Metaspace       used 6635K, capacity 7320K, committed 7680K, reserved 1056768K
  class space    used 620K, capacity 656K, committed 768K, reserved 1048576K
}
Event: 44.184 GC heap before
{Heap before GC invocations=18 (full 3):
 PSYoungGen      total 617472K, used 577274K [0x000000076ab00000, 0x000000079c480000, 0x00000007c0000000)
  eden space 511488K, 100% used [0x000000076ab00000,0x0000000789e80000,0x0000000789e80000)
  from space 105984K, 62% used [0x0000000792080000,0x00000007960bebb0,0x0000000798800000)
  to   space 133120K, 0% used [0x0000000789e80000,0x0000000789e80000,0x0000000792080000)
 ParOldGen       total 478720K, used 294060K [0x00000006c0000000, 0x00000006dd380000, 0x000000076ab00000)
  object space 478720K, 61% used [0x00000006c0000000,0x00000006d1f2b110,0x00000006dd380000)
 Metaspace       used 6986K, capacity 7608K, committed 7936K, reserved 1056768K
  class space    used 639K, capacity 688K, committed 768K, reserved 1048576K
Event: 45.609 GC heap after
Heap after GC invocations=18 (full 3):
 PSYoungGen      total 644608K, used 80767K [0x000000076ab00000, 0x00000007a0100000, 0x00000007c0000000)
  eden space 511488K, 0% used [0x000000076ab00000,0x000000076ab00000,0x0000000789e80000)
  from space 133120K, 60% used [0x0000000789e80000,0x000000078ed5ff98,0x0000000792080000)
  to   space 136704K, 0% used [0x0000000797b80000,0x0000000797b80000,0x00000007a0100000)
 ParOldGen       total 478720K, used 359448K [0x00000006c0000000, 0x00000006dd380000, 0x000000076ab00000)
  object space 478720K, 75% used [0x00000006c0000000,0x00000006d5f06020,0x00000006dd380000)
 Metaspace       used 6986K, capacity 7608K, committed 7936K, reserved 1056768K
  class space    used 639K, capacity 688K, committed 768K, reserved 1048576K
}

